<?xml version="1.0" encoding="UTF-8"?>
<!-- Generated by org.testng.reporters.JUnitXMLReporter -->
<testsuite ignored="1" hostname="IQZNGLLT018" failures="2" tests="2" name="Test" time="0.225" errors="0" timestamp="2024-12-25T11:54:47 IST">
  <testcase classname="testCases.TC001_Account001Test" name="getTC001_Account001Test" time="0.007">
    <failure type="java.lang.NullPointerException" message="Cannot invoke &amp;quot;org.apache.logging.log4j.Logger.info(String)&amp;quot; because &amp;quot;this.logger&amp;quot; is null">
      <![CDATA[java.lang.NullPointerException: Cannot invoke "org.apache.logging.log4j.Logger.info(String)" because "this.logger" is null
at testCases.TC001_Account001Test.getTC001_Account001Test(TC001_Account001Test.java:12)
at java.base/java.util.ArrayList.forEach(ArrayList.java:1511)
... Removed 27 stack frames]]>
    </failure>
  </testcase> <!-- getTC001_Account001Test -->
  <testcase classname="testCases.TC001_Account001Test" name="getTC001_Account001Test" time="0.028">
    <failure type="java.lang.NullPointerException" message="Cannot invoke &amp;quot;org.openqa.selenium.TakesScreenshot.getScreenshotAs(org.openqa.selenium.OutputType)&amp;quot; because &amp;quot;takesScreenshot&amp;quot; is null">
      <![CDATA[java.lang.NullPointerException: Cannot invoke "org.openqa.selenium.TakesScreenshot.getScreenshotAs(org.openqa.selenium.OutputType)" because "takesScreenshot" is null
at testBase.BaseClass.captureScreen(BaseClass.java:128)
at utilities.ExtentReportManager.onTestFailure(ExtentReportManager.java:88)
at java.base/java.util.ArrayList.forEach(ArrayList.java:1511)
... Removed 24 stack frames]]>
    </failure>
  </testcase> <!-- getTC001_Account001Test -->
  <testcase classname="testCases.TC002_Account002Test" name="getTC002_Account002Test" time="0.0">
    <ignored/>
  </testcase> <!-- getTC002_Account002Test -->
</testsuite> <!-- Test -->
