<?xml version="1.0" encoding="UTF-8"?>
<!-- Generated by org.testng.reporters.JUnitXMLReporter -->
<testsuite ignored="0" hostname="IQZNGLLT018" failures="0" tests="3" name="Test" time="20.872" errors="0" timestamp="2024-12-24T17:32:36 IST">
  <testcase classname="testCases.TC001_Account001Test" name="getTC001_Account001Test" time="0.01"/>
  <testcase classname="testCases.TC002_Account002Test" name="getTC002_Account002Test" time="0.004"/>
  <testcase classname="testCases.TC003_Account003Test" name="getTC003_Account003Test" time="0.009"/>
</testsuite> <!-- Test -->
