<?xml version="1.0" encoding="UTF-8"?>
<!-- Generated by org.testng.reporters.JUnitXMLReporter -->
<testsuite ignored="0" hostname="IQZNGLLT018" failures="0" tests="9" name="Test" time="31.756" errors="0" timestamp="2024-12-25T12:23:08 IST">
  <testcase classname="testCases.TC001_Account001Test" name="getTC001_Account001Test" time="0.006"/>
  <testcase classname="testCases.TC002_Account002Test" name="getTC002_Account002Test" time="0.002"/>
  <testcase classname="testCases.TC003_Account003Test" name="getTC003_Account003Test" time="0.0"/>
  <testcase classname="testCases.TC004_AccountDDT004Test" name="verify_DDT" time="3.018"/>
  <testcase classname="testCases.TC004_AccountDDT004Test" name="verify_DDT" time="3.023"/>
  <testcase classname="testCases.TC004_AccountDDT004Test" name="verify_DDT" time="3.008"/>
  <testcase classname="testCases.TC004_AccountDDT004Test" name="verify_DDT" time="3.015"/>
  <testcase classname="testCases.TC004_AccountDDT004Test" name="verify_DDT" time="3.017"/>
  <testcase classname="testCases.TC004_AccountDDT004Test" name="verify_DDT" time="3.014"/>
</testsuite> <!-- Test -->
