<?xml version="1.0" encoding="UTF-8"?>
<!-- Generated by org.testng.reporters.JUnitXMLReporter -->
<testsuite ignored="0" hostname="IQZNGLLT018" failures="0" tests="9" name="Test" time="34.408" errors="0" timestamp="2024-12-25T15:50:33 IST">
  <testcase classname="testCases.TC001_Account001Test" name="getTC001_Account001Test" time="0.002"/>
  <testcase classname="testCases.TC002_Account002Test" name="getTC002_Account002Test" time="0.001"/>
  <testcase classname="testCases.TC003_Account003Test" name="getTC003_Account003Test" time="0.002"/>
  <testcase classname="testCases.TC004_AccountDDT004Test" name="verify_DDT" time="3.015"/>
  <testcase classname="testCases.TC004_AccountDDT004Test" name="verify_DDT" time="3.012"/>
  <testcase classname="testCases.TC004_AccountDDT004Test" name="verify_DDT" time="3.008"/>
  <testcase classname="testCases.TC004_AccountDDT004Test" name="verify_DDT" time="3.007"/>
  <testcase classname="testCases.TC004_AccountDDT004Test" name="verify_DDT" time="3.015"/>
  <testcase classname="testCases.TC004_AccountDDT004Test" name="verify_DDT" time="3.016"/>
</testsuite> <!-- Test -->
