<?xml version="1.0" encoding="UTF-8"?>
<testng-results ignored="0" total="9" passed="9" failed="0" skipped="0">
  <reporter-output>
  </reporter-output>
  <suite started-at="2024-12-25T15:49:57 IST" name="Suite" finished-at="2024-12-25T15:50:32 IST" duration-ms="34408">
    <groups>
      <group name="Sanity">
        <method signature="TC001_Account001Test.getTC001_Account001Test()[pri:0, instance:testCases.TC001_Account001Test@72d1ad2e]" name="getTC001_Account001Test" class="testCases.TC001_Account001Test"/>
        <method signature="TC003_Account003Test.getTC003_Account003Test()[pri:0, instance:testCases.TC003_Account003Test@399f45b1]" name="getTC003_Account003Test" class="testCases.TC003_Account003Test"/>
      </group> <!-- Sanity -->
      <group name="Regression">
        <method signature="TC002_Account002Test.getTC002_Account002Test()[pri:0, instance:testCases.TC002_Account002Test@2d7275fc]" name="getTC002_Account002Test" class="testCases.TC002_Account002Test"/>
        <method signature="TC003_Account003Test.getTC003_Account003Test()[pri:0, instance:testCases.TC003_Account003Test@399f45b1]" name="getTC003_Account003Test" class="testCases.TC003_Account003Test"/>
      </group> <!-- Regression -->
    </groups>
    <test started-at="2024-12-25T15:49:57 IST" name="Test" finished-at="2024-12-25T15:50:32 IST" duration-ms="34408">
      <class name="testCases.TC003_Account003Test">
        <test-method is-config="true" signature="setup(java.lang.String,java.lang.String)[pri:0, instance:testCases.TC003_Account003Test@399f45b1]" started-at="2024-12-25T15:50:09 IST" name="setup" finished-at="2024-12-25T15:50:11 IST" duration-ms="1866" status="PASS">
          <params>
            <param index="0">
              <value>
                <![CDATA[Windows]]>
              </value>
            </param>
            <param index="1">
              <value>
                <![CDATA[chrome]]>
              </value>
            </param>
          </params>
          <reporter-output>
          </reporter-output>
        </test-method> <!-- setup -->
        <test-method signature="getTC003_Account003Test()[pri:0, instance:testCases.TC003_Account003Test@399f45b1]" started-at="2024-12-25T15:50:11 IST" name="getTC003_Account003Test" finished-at="2024-12-25T15:50:11 IST" duration-ms="2" status="PASS">
          <reporter-output>
          </reporter-output>
        </test-method> <!-- getTC003_Account003Test -->
        <test-method is-config="true" signature="tearDown()[pri:0, instance:testCases.TC003_Account003Test@399f45b1]" started-at="2024-12-25T15:50:11 IST" name="tearDown" finished-at="2024-12-25T15:50:11 IST" duration-ms="191" status="PASS">
          <reporter-output>
          </reporter-output>
        </test-method> <!-- tearDown -->
      </class> <!-- testCases.TC003_Account003Test -->
      <class name="testCases.TC002_Account002Test">
        <test-method is-config="true" signature="setup(java.lang.String,java.lang.String)[pri:0, instance:testCases.TC002_Account002Test@2d7275fc]" started-at="2024-12-25T15:50:04 IST" name="setup" finished-at="2024-12-25T15:50:08 IST" duration-ms="4080" status="PASS">
          <params>
            <param index="0">
              <value>
                <![CDATA[Windows]]>
              </value>
            </param>
            <param index="1">
              <value>
                <![CDATA[chrome]]>
              </value>
            </param>
          </params>
          <reporter-output>
          </reporter-output>
        </test-method> <!-- setup -->
        <test-method signature="getTC002_Account002Test()[pri:0, instance:testCases.TC002_Account002Test@2d7275fc]" started-at="2024-12-25T15:50:08 IST" name="getTC002_Account002Test" finished-at="2024-12-25T15:50:08 IST" duration-ms="1" status="PASS">
          <reporter-output>
          </reporter-output>
        </test-method> <!-- getTC002_Account002Test -->
        <test-method is-config="true" signature="tearDown()[pri:0, instance:testCases.TC002_Account002Test@2d7275fc]" started-at="2024-12-25T15:50:08 IST" name="tearDown" finished-at="2024-12-25T15:50:09 IST" duration-ms="225" status="PASS">
          <reporter-output>
          </reporter-output>
        </test-method> <!-- tearDown -->
      </class> <!-- testCases.TC002_Account002Test -->
      <class name="testCases.TC001_Account001Test">
        <test-method is-config="true" signature="setup(java.lang.String,java.lang.String)[pri:0, instance:testCases.TC001_Account001Test@72d1ad2e]" started-at="2024-12-25T15:49:58 IST" name="setup" finished-at="2024-12-25T15:50:04 IST" duration-ms="6577" status="PASS">
          <params>
            <param index="0">
              <value>
                <![CDATA[Windows]]>
              </value>
            </param>
            <param index="1">
              <value>
                <![CDATA[chrome]]>
              </value>
            </param>
          </params>
          <reporter-output>
          </reporter-output>
        </test-method> <!-- setup -->
        <test-method signature="getTC001_Account001Test()[pri:0, instance:testCases.TC001_Account001Test@72d1ad2e]" started-at="2024-12-25T15:50:04 IST" name="getTC001_Account001Test" finished-at="2024-12-25T15:50:04 IST" duration-ms="2" status="PASS">
          <reporter-output>
          </reporter-output>
        </test-method> <!-- getTC001_Account001Test -->
        <test-method is-config="true" signature="tearDown()[pri:0, instance:testCases.TC001_Account001Test@72d1ad2e]" started-at="2024-12-25T15:50:04 IST" name="tearDown" finished-at="2024-12-25T15:50:04 IST" duration-ms="188" status="PASS">
          <reporter-output>
          </reporter-output>
        </test-method> <!-- tearDown -->
      </class> <!-- testCases.TC001_Account001Test -->
      <class name="testCases.TC004_AccountDDT004Test">
        <test-method is-config="true" signature="setup(java.lang.String,java.lang.String)[pri:0, instance:testCases.TC004_AccountDDT004Test@38c6f217]" started-at="2024-12-25T15:50:11 IST" name="setup" finished-at="2024-12-25T15:50:13 IST" duration-ms="1847" status="PASS">
          <params>
            <param index="0">
              <value>
                <![CDATA[Windows]]>
              </value>
            </param>
            <param index="1">
              <value>
                <![CDATA[chrome]]>
              </value>
            </param>
          </params>
          <reporter-output>
          </reporter-output>
        </test-method> <!-- setup -->
        <test-method signature="verify_DDT(java.lang.String,java.lang.String,java.lang.String)[pri:0, instance:testCases.TC004_AccountDDT004Test@38c6f217]" started-at="2024-12-25T15:50:14 IST" name="verify_DDT" data-provider="LoginData" finished-at="2024-12-25T15:50:17 IST" duration-ms="3015" status="PASS">
          <params>
            <param index="0">
              <value>
                <![CDATA[gangadaran009@gmail.com]]>
              </value>
            </param>
            <param index="1">
              <value>
                <![CDATA[Test@123]]>
              </value>
            </param>
            <param index="2">
              <value>
                <![CDATA[Valid]]>
              </value>
            </param>
          </params>
          <reporter-output>
          </reporter-output>
        </test-method> <!-- verify_DDT -->
        <test-method signature="verify_DDT(java.lang.String,java.lang.String,java.lang.String)[pri:0, instance:testCases.TC004_AccountDDT004Test@38c6f217]" started-at="2024-12-25T15:50:17 IST" name="verify_DDT" data-provider="LoginData" finished-at="2024-12-25T15:50:20 IST" duration-ms="3012" status="PASS">
          <params>
            <param index="0">
              <value>
                <![CDATA[lakshmi@yahoo.com]]>
              </value>
            </param>
            <param index="1">
              <value>
                <![CDATA[Laxmi]]>
              </value>
            </param>
            <param index="2">
              <value>
                <![CDATA[Valid]]>
              </value>
            </param>
          </params>
          <reporter-output>
          </reporter-output>
        </test-method> <!-- verify_DDT -->
        <test-method signature="verify_DDT(java.lang.String,java.lang.String,java.lang.String)[pri:0, instance:testCases.TC004_AccountDDT004Test@38c6f217]" started-at="2024-12-25T15:50:20 IST" name="verify_DDT" data-provider="LoginData" finished-at="2024-12-25T15:50:23 IST" duration-ms="3008" status="PASS">
          <params>
            <param index="0">
              <value>
                <![CDATA[laksh@yahoo.com]]>
              </value>
            </param>
            <param index="1">
              <value>
                <![CDATA[Lakshmi]]>
              </value>
            </param>
            <param index="2">
              <value>
                <![CDATA[Valid]]>
              </value>
            </param>
          </params>
          <reporter-output>
          </reporter-output>
        </test-method> <!-- verify_DDT -->
        <test-method signature="verify_DDT(java.lang.String,java.lang.String,java.lang.String)[pri:0, instance:testCases.TC004_AccountDDT004Test@38c6f217]" started-at="2024-12-25T15:50:23 IST" name="verify_DDT" data-provider="LoginData" finished-at="2024-12-25T15:50:26 IST" duration-ms="3007" status="PASS">
          <params>
            <param index="0">
              <value>
                <![CDATA[laks@yahoo.com]]>
              </value>
            </param>
            <param index="1">
              <value>
                <![CDATA[xyz]]>
              </value>
            </param>
            <param index="2">
              <value>
                <![CDATA[Invalid]]>
              </value>
            </param>
          </params>
          <reporter-output>
          </reporter-output>
        </test-method> <!-- verify_DDT -->
        <test-method signature="verify_DDT(java.lang.String,java.lang.String,java.lang.String)[pri:0, instance:testCases.TC004_AccountDDT004Test@38c6f217]" started-at="2024-12-25T15:50:26 IST" name="verify_DDT" data-provider="LoginData" finished-at="2024-12-25T15:50:29 IST" duration-ms="3015" status="PASS">
          <params>
            <param index="0">
              <value>
                <![CDATA[abc123@gmail.com]]>
              </value>
            </param>
            <param index="1">
              <value>
                <![CDATA[test@123]]>
              </value>
            </param>
            <param index="2">
              <value>
                <![CDATA[Valid]]>
              </value>
            </param>
          </params>
          <reporter-output>
          </reporter-output>
        </test-method> <!-- verify_DDT -->
        <test-method signature="verify_DDT(java.lang.String,java.lang.String,java.lang.String)[pri:0, instance:testCases.TC004_AccountDDT004Test@38c6f217]" started-at="2024-12-25T15:50:29 IST" name="verify_DDT" data-provider="LoginData" finished-at="2024-12-25T15:50:32 IST" duration-ms="3016" status="PASS">
          <params>
            <param index="0">
              <value>
                <![CDATA[]]>
              </value>
            </param>
            <param index="1">
              <value>
                <![CDATA[test@123]]>
              </value>
            </param>
            <param index="2">
              <value>
                <![CDATA[Invalid]]>
              </value>
            </param>
          </params>
          <reporter-output>
          </reporter-output>
        </test-method> <!-- verify_DDT -->
        <test-method is-config="true" signature="tearDown()[pri:0, instance:testCases.TC004_AccountDDT004Test@38c6f217]" started-at="2024-12-25T15:50:32 IST" name="tearDown" finished-at="2024-12-25T15:50:32 IST" duration-ms="207" status="PASS">
          <reporter-output>
          </reporter-output>
        </test-method> <!-- tearDown -->
      </class> <!-- testCases.TC004_AccountDDT004Test -->
    </test> <!-- Test -->
  </suite> <!-- Suite -->
</testng-results>
