<?xml version="1.0" encoding="UTF-8"?>
<testng-results ignored="0" total="3" passed="3" failed="0" skipped="0">
  <reporter-output>
  </reporter-output>
  <suite started-at="2024-12-24T17:02:50 IST" name="Suite" finished-at="2024-12-24T17:02:50 IST" duration-ms="65">
    <groups>
    </groups>
    <test started-at="2024-12-24T17:02:50 IST" name="Test" finished-at="2024-12-24T17:02:50 IST" duration-ms="65">
      <class name="testCases.TC003_Account003Test">
        <test-method is-config="true" signature="setup()[pri:0, instance:testCases.TC003_Account003Test@2654635]" started-at="2024-12-24T17:02:50 IST" name="setup" finished-at="2024-12-24T17:02:50 IST" duration-ms="1" status="PASS">
          <reporter-output>
          </reporter-output>
        </test-method> <!-- setup -->
        <test-method signature="getTC003_Account003Test()[pri:0, instance:testCases.TC003_Account003Test@2654635]" started-at="2024-12-24T17:02:50 IST" name="getTC003_Account003Test" finished-at="2024-12-24T17:02:50 IST" duration-ms="0" status="PASS">
          <reporter-output>
          </reporter-output>
        </test-method> <!-- getTC003_Account003Test -->
        <test-method is-config="true" signature="tearDown()[pri:0, instance:testCases.TC003_Account003Test@2654635]" started-at="2024-12-24T17:02:50 IST" name="tearDown" finished-at="2024-12-24T17:02:50 IST" duration-ms="0" status="PASS">
          <reporter-output>
          </reporter-output>
        </test-method> <!-- tearDown -->
      </class> <!-- testCases.TC003_Account003Test -->
      <class name="testCases.TC002_Account002Test">
        <test-method is-config="true" signature="setup()[pri:0, instance:testCases.TC002_Account002Test@130dca52]" started-at="2024-12-24T17:02:50 IST" name="setup" finished-at="2024-12-24T17:02:50 IST" duration-ms="1" status="PASS">
          <reporter-output>
          </reporter-output>
        </test-method> <!-- setup -->
        <test-method signature="getTC002_Account002Test()[pri:0, instance:testCases.TC002_Account002Test@130dca52]" started-at="2024-12-24T17:02:50 IST" name="getTC002_Account002Test" finished-at="2024-12-24T17:02:50 IST" duration-ms="1" status="PASS">
          <reporter-output>
          </reporter-output>
        </test-method> <!-- getTC002_Account002Test -->
        <test-method is-config="true" signature="tearDown()[pri:0, instance:testCases.TC002_Account002Test@130dca52]" started-at="2024-12-24T17:02:50 IST" name="tearDown" finished-at="2024-12-24T17:02:50 IST" duration-ms="1" status="PASS">
          <reporter-output>
          </reporter-output>
        </test-method> <!-- tearDown -->
      </class> <!-- testCases.TC002_Account002Test -->
      <class name="testCases.TC001_Account001Test">
        <test-method is-config="true" signature="setup()[pri:0, instance:testCases.TC001_Account001Test@4d9ac0b4]" started-at="2024-12-24T17:02:50 IST" name="setup" finished-at="2024-12-24T17:02:50 IST" duration-ms="26" status="PASS">
          <reporter-output>
          </reporter-output>
        </test-method> <!-- setup -->
        <test-method signature="getTC001_Account001Test()[pri:0, instance:testCases.TC001_Account001Test@4d9ac0b4]" started-at="2024-12-24T17:02:50 IST" name="getTC001_Account001Test" finished-at="2024-12-24T17:02:50 IST" duration-ms="2" status="PASS">
          <reporter-output>
          </reporter-output>
        </test-method> <!-- getTC001_Account001Test -->
        <test-method is-config="true" signature="tearDown()[pri:0, instance:testCases.TC001_Account001Test@4d9ac0b4]" started-at="2024-12-24T17:02:50 IST" name="tearDown" finished-at="2024-12-24T17:02:50 IST" duration-ms="1" status="PASS">
          <reporter-output>
          </reporter-output>
        </test-method> <!-- tearDown -->
      </class> <!-- testCases.TC001_Account001Test -->
    </test> <!-- Test -->
  </suite> <!-- Suite -->
</testng-results>
