<?xml version="1.0" encoding="UTF-8"?>
<testng-results ignored="0" total="3" passed="3" failed="0" skipped="0">
  <reporter-output>
  </reporter-output>
  <suite started-at="2024-12-25T11:02:26 IST" name="Suite" finished-at="2024-12-25T11:02:39 IST" duration-ms="12394">
    <groups>
    </groups>
    <test started-at="2024-12-25T11:02:26 IST" name="chrometest" finished-at="2024-12-25T11:02:33 IST" duration-ms="7085">
      <class name="testCases.TC001_Account001Test">
        <test-method is-config="true" signature="setup(java.lang.String,java.lang.String)[pri:0, instance:testCases.TC001_Account001Test@71809907]" started-at="2024-12-25T11:02:27 IST" name="setup" finished-at="2024-12-25T11:02:32 IST" duration-ms="5438" status="PASS">
          <params>
            <param index="0">
              <value>
                <![CDATA[Windows]]>
              </value>
            </param>
            <param index="1">
              <value>
                <![CDATA[chrome]]>
              </value>
            </param>
          </params>
          <reporter-output>
          </reporter-output>
        </test-method> <!-- setup -->
        <test-method signature="getTC001_Account001Test()[pri:0, instance:testCases.TC001_Account001Test@71809907]" started-at="2024-12-25T11:02:32 IST" name="getTC001_Account001Test" finished-at="2024-12-25T11:02:32 IST" duration-ms="8" status="PASS">
          <reporter-output>
          </reporter-output>
        </test-method> <!-- getTC001_Account001Test -->
        <test-method is-config="true" signature="tearDown()[pri:0, instance:testCases.TC001_Account001Test@71809907]" started-at="2024-12-25T11:02:32 IST" name="tearDown" finished-at="2024-12-25T11:02:33 IST" duration-ms="1376" status="PASS">
          <reporter-output>
          </reporter-output>
        </test-method> <!-- tearDown -->
      </class> <!-- testCases.TC001_Account001Test -->
    </test> <!-- chrometest -->
    <test started-at="2024-12-25T11:02:26 IST" name="firefoxtest" finished-at="2024-12-25T11:02:37 IST" duration-ms="10498">
      <class name="testCases.TC001_Account001Test">
        <test-method is-config="true" signature="setup(java.lang.String,java.lang.String)[pri:0, instance:testCases.TC001_Account001Test@8f4ea7c]" started-at="2024-12-25T11:02:27 IST" name="setup" finished-at="2024-12-25T11:02:36 IST" duration-ms="9290" status="PASS">
          <params>
            <param index="0">
              <value>
                <![CDATA[Windows]]>
              </value>
            </param>
            <param index="1">
              <value>
                <![CDATA[firefox]]>
              </value>
            </param>
          </params>
          <reporter-output>
          </reporter-output>
        </test-method> <!-- setup -->
        <test-method signature="getTC001_Account001Test()[pri:0, instance:testCases.TC001_Account001Test@8f4ea7c]" started-at="2024-12-25T11:02:36 IST" name="getTC001_Account001Test" finished-at="2024-12-25T11:02:36 IST" duration-ms="3" status="PASS">
          <reporter-output>
          </reporter-output>
        </test-method> <!-- getTC001_Account001Test -->
        <test-method is-config="true" signature="tearDown()[pri:0, instance:testCases.TC001_Account001Test@8f4ea7c]" started-at="2024-12-25T11:02:36 IST" name="tearDown" finished-at="2024-12-25T11:02:37 IST" duration-ms="976" status="PASS">
          <reporter-output>
          </reporter-output>
        </test-method> <!-- tearDown -->
      </class> <!-- testCases.TC001_Account001Test -->
    </test> <!-- firefoxtest -->
    <test started-at="2024-12-25T11:02:26 IST" name="edgetest" finished-at="2024-12-25T11:02:39 IST" duration-ms="12394">
      <class name="testCases.TC001_Account001Test">
        <test-method is-config="true" signature="setup(java.lang.String,java.lang.String)[pri:0, instance:testCases.TC001_Account001Test@16d04d3d]" started-at="2024-12-25T11:02:27 IST" name="setup" finished-at="2024-12-25T11:02:38 IST" duration-ms="11179" status="PASS">
          <params>
            <param index="0">
              <value>
                <![CDATA[Windows]]>
              </value>
            </param>
            <param index="1">
              <value>
                <![CDATA[edge]]>
              </value>
            </param>
          </params>
          <reporter-output>
          </reporter-output>
        </test-method> <!-- setup -->
        <test-method signature="getTC001_Account001Test()[pri:0, instance:testCases.TC001_Account001Test@16d04d3d]" started-at="2024-12-25T11:02:38 IST" name="getTC001_Account001Test" finished-at="2024-12-25T11:02:38 IST" duration-ms="3" status="PASS">
          <reporter-output>
          </reporter-output>
        </test-method> <!-- getTC001_Account001Test -->
        <test-method is-config="true" signature="tearDown()[pri:0, instance:testCases.TC001_Account001Test@16d04d3d]" started-at="2024-12-25T11:02:38 IST" name="tearDown" finished-at="2024-12-25T11:02:39 IST" duration-ms="984" status="PASS">
          <reporter-output>
          </reporter-output>
        </test-method> <!-- tearDown -->
      </class> <!-- testCases.TC001_Account001Test -->
    </test> <!-- edgetest -->
  </suite> <!-- Suite -->
</testng-results>
