<?xml version="1.0" encoding="UTF-8"?>
<testng-results ignored="0" total="9" passed="9" failed="0" skipped="0">
  <reporter-output>
  </reporter-output>
  <suite started-at="2024-12-25T12:22:36 IST" name="Suite" finished-at="2024-12-25T12:23:08 IST" duration-ms="31756">
    <groups>
      <group name="Sanity">
        <method signature="TC001_Account001Test.getTC001_Account001Test()[pri:0, instance:testCases.TC001_Account001Test@359f7cdf]" name="getTC001_Account001Test" class="testCases.TC001_Account001Test"/>
        <method signature="TC003_Account003Test.getTC003_Account003Test()[pri:0, instance:testCases.TC003_Account003Test@4f6ee6e4]" name="getTC003_Account003Test" class="testCases.TC003_Account003Test"/>
      </group> <!-- Sanity -->
      <group name="Regression">
        <method signature="TC002_Account002Test.getTC002_Account002Test()[pri:0, instance:testCases.TC002_Account002Test@1fa268de]" name="getTC002_Account002Test" class="testCases.TC002_Account002Test"/>
        <method signature="TC003_Account003Test.getTC003_Account003Test()[pri:0, instance:testCases.TC003_Account003Test@4f6ee6e4]" name="getTC003_Account003Test" class="testCases.TC003_Account003Test"/>
      </group> <!-- Regression -->
    </groups>
    <test started-at="2024-12-25T12:22:36 IST" name="Test" finished-at="2024-12-25T12:23:08 IST" duration-ms="31756">
      <class name="testCases.TC002_Account002Test">
        <test-method is-config="true" signature="setup(java.lang.String,java.lang.String)[pri:0, instance:testCases.TC002_Account002Test@1fa268de]" started-at="2024-12-25T12:22:40 IST" name="setup" finished-at="2024-12-25T12:22:43 IST" duration-ms="2522" status="PASS">
          <params>
            <param index="0">
              <value>
                <![CDATA[Windows]]>
              </value>
            </param>
            <param index="1">
              <value>
                <![CDATA[chrome]]>
              </value>
            </param>
          </params>
          <reporter-output>
          </reporter-output>
        </test-method> <!-- setup -->
        <test-method signature="getTC002_Account002Test()[pri:0, instance:testCases.TC002_Account002Test@1fa268de]" started-at="2024-12-25T12:22:43 IST" name="getTC002_Account002Test" finished-at="2024-12-25T12:22:43 IST" duration-ms="2" status="PASS">
          <reporter-output>
          </reporter-output>
        </test-method> <!-- getTC002_Account002Test -->
        <test-method is-config="true" signature="tearDown()[pri:0, instance:testCases.TC002_Account002Test@1fa268de]" started-at="2024-12-25T12:22:43 IST" name="tearDown" finished-at="2024-12-25T12:22:43 IST" duration-ms="181" status="PASS">
          <reporter-output>
          </reporter-output>
        </test-method> <!-- tearDown -->
      </class> <!-- testCases.TC002_Account002Test -->
      <class name="testCases.TC003_Account003Test">
        <test-method is-config="true" signature="setup(java.lang.String,java.lang.String)[pri:0, instance:testCases.TC003_Account003Test@4f6ee6e4]" started-at="2024-12-25T12:22:43 IST" name="setup" finished-at="2024-12-25T12:22:46 IST" duration-ms="2647" status="PASS">
          <params>
            <param index="0">
              <value>
                <![CDATA[Windows]]>
              </value>
            </param>
            <param index="1">
              <value>
                <![CDATA[chrome]]>
              </value>
            </param>
          </params>
          <reporter-output>
          </reporter-output>
        </test-method> <!-- setup -->
        <test-method signature="getTC003_Account003Test()[pri:0, instance:testCases.TC003_Account003Test@4f6ee6e4]" started-at="2024-12-25T12:22:46 IST" name="getTC003_Account003Test" finished-at="2024-12-25T12:22:46 IST" duration-ms="0" status="PASS">
          <reporter-output>
          </reporter-output>
        </test-method> <!-- getTC003_Account003Test -->
        <test-method is-config="true" signature="tearDown()[pri:0, instance:testCases.TC003_Account003Test@4f6ee6e4]" started-at="2024-12-25T12:22:46 IST" name="tearDown" finished-at="2024-12-25T12:22:46 IST" duration-ms="194" status="PASS">
          <reporter-output>
          </reporter-output>
        </test-method> <!-- tearDown -->
      </class> <!-- testCases.TC003_Account003Test -->
      <class name="testCases.TC001_Account001Test">
        <test-method is-config="true" signature="setup(java.lang.String,java.lang.String)[pri:0, instance:testCases.TC001_Account001Test@359f7cdf]" started-at="2024-12-25T12:22:36 IST" name="setup" finished-at="2024-12-25T12:22:40 IST" duration-ms="3922" status="PASS">
          <params>
            <param index="0">
              <value>
                <![CDATA[Windows]]>
              </value>
            </param>
            <param index="1">
              <value>
                <![CDATA[chrome]]>
              </value>
            </param>
          </params>
          <reporter-output>
          </reporter-output>
        </test-method> <!-- setup -->
        <test-method signature="getTC001_Account001Test()[pri:0, instance:testCases.TC001_Account001Test@359f7cdf]" started-at="2024-12-25T12:22:40 IST" name="getTC001_Account001Test" finished-at="2024-12-25T12:22:40 IST" duration-ms="6" status="PASS">
          <reporter-output>
          </reporter-output>
        </test-method> <!-- getTC001_Account001Test -->
        <test-method is-config="true" signature="tearDown()[pri:0, instance:testCases.TC001_Account001Test@359f7cdf]" started-at="2024-12-25T12:22:40 IST" name="tearDown" finished-at="2024-12-25T12:22:40 IST" duration-ms="238" status="PASS">
          <reporter-output>
          </reporter-output>
        </test-method> <!-- tearDown -->
      </class> <!-- testCases.TC001_Account001Test -->
      <class name="testCases.TC004_AccountDDT004Test">
        <test-method is-config="true" signature="setup(java.lang.String,java.lang.String)[pri:0, instance:testCases.TC004_AccountDDT004Test@4466af20]" started-at="2024-12-25T12:22:46 IST" name="setup" finished-at="2024-12-25T12:22:48 IST" duration-ms="2302" status="PASS">
          <params>
            <param index="0">
              <value>
                <![CDATA[Windows]]>
              </value>
            </param>
            <param index="1">
              <value>
                <![CDATA[chrome]]>
              </value>
            </param>
          </params>
          <reporter-output>
          </reporter-output>
        </test-method> <!-- setup -->
        <test-method signature="verify_DDT(java.lang.String,java.lang.String,java.lang.String)[pri:0, instance:testCases.TC004_AccountDDT004Test@4466af20]" started-at="2024-12-25T12:22:49 IST" name="verify_DDT" data-provider="LoginData" finished-at="2024-12-25T12:22:52 IST" duration-ms="3018" status="PASS">
          <params>
            <param index="0">
              <value>
                <![CDATA[gangadaran009@gmail.com]]>
              </value>
            </param>
            <param index="1">
              <value>
                <![CDATA[Test@123]]>
              </value>
            </param>
            <param index="2">
              <value>
                <![CDATA[Valid]]>
              </value>
            </param>
          </params>
          <reporter-output>
          </reporter-output>
        </test-method> <!-- verify_DDT -->
        <test-method signature="verify_DDT(java.lang.String,java.lang.String,java.lang.String)[pri:0, instance:testCases.TC004_AccountDDT004Test@4466af20]" started-at="2024-12-25T12:22:52 IST" name="verify_DDT" data-provider="LoginData" finished-at="2024-12-25T12:22:55 IST" duration-ms="3023" status="PASS">
          <params>
            <param index="0">
              <value>
                <![CDATA[lakshmi@yahoo.com]]>
              </value>
            </param>
            <param index="1">
              <value>
                <![CDATA[Laxmi]]>
              </value>
            </param>
            <param index="2">
              <value>
                <![CDATA[Valid]]>
              </value>
            </param>
          </params>
          <reporter-output>
          </reporter-output>
        </test-method> <!-- verify_DDT -->
        <test-method signature="verify_DDT(java.lang.String,java.lang.String,java.lang.String)[pri:0, instance:testCases.TC004_AccountDDT004Test@4466af20]" started-at="2024-12-25T12:22:55 IST" name="verify_DDT" data-provider="LoginData" finished-at="2024-12-25T12:22:58 IST" duration-ms="3008" status="PASS">
          <params>
            <param index="0">
              <value>
                <![CDATA[laksh@yahoo.com]]>
              </value>
            </param>
            <param index="1">
              <value>
                <![CDATA[Lakshmi]]>
              </value>
            </param>
            <param index="2">
              <value>
                <![CDATA[Valid]]>
              </value>
            </param>
          </params>
          <reporter-output>
          </reporter-output>
        </test-method> <!-- verify_DDT -->
        <test-method signature="verify_DDT(java.lang.String,java.lang.String,java.lang.String)[pri:0, instance:testCases.TC004_AccountDDT004Test@4466af20]" started-at="2024-12-25T12:22:58 IST" name="verify_DDT" data-provider="LoginData" finished-at="2024-12-25T12:23:01 IST" duration-ms="3015" status="PASS">
          <params>
            <param index="0">
              <value>
                <![CDATA[laks@yahoo.com]]>
              </value>
            </param>
            <param index="1">
              <value>
                <![CDATA[xyz]]>
              </value>
            </param>
            <param index="2">
              <value>
                <![CDATA[Invalid]]>
              </value>
            </param>
          </params>
          <reporter-output>
          </reporter-output>
        </test-method> <!-- verify_DDT -->
        <test-method signature="verify_DDT(java.lang.String,java.lang.String,java.lang.String)[pri:0, instance:testCases.TC004_AccountDDT004Test@4466af20]" started-at="2024-12-25T12:23:01 IST" name="verify_DDT" data-provider="LoginData" finished-at="2024-12-25T12:23:04 IST" duration-ms="3017" status="PASS">
          <params>
            <param index="0">
              <value>
                <![CDATA[abc123@gmail.com]]>
              </value>
            </param>
            <param index="1">
              <value>
                <![CDATA[test@123]]>
              </value>
            </param>
            <param index="2">
              <value>
                <![CDATA[Valid]]>
              </value>
            </param>
          </params>
          <reporter-output>
          </reporter-output>
        </test-method> <!-- verify_DDT -->
        <test-method signature="verify_DDT(java.lang.String,java.lang.String,java.lang.String)[pri:0, instance:testCases.TC004_AccountDDT004Test@4466af20]" started-at="2024-12-25T12:23:04 IST" name="verify_DDT" data-provider="LoginData" finished-at="2024-12-25T12:23:07 IST" duration-ms="3014" status="PASS">
          <params>
            <param index="0">
              <value>
                <![CDATA[]]>
              </value>
            </param>
            <param index="1">
              <value>
                <![CDATA[test@123]]>
              </value>
            </param>
            <param index="2">
              <value>
                <![CDATA[Invalid]]>
              </value>
            </param>
          </params>
          <reporter-output>
          </reporter-output>
        </test-method> <!-- verify_DDT -->
        <test-method is-config="true" signature="tearDown()[pri:0, instance:testCases.TC004_AccountDDT004Test@4466af20]" started-at="2024-12-25T12:23:07 IST" name="tearDown" finished-at="2024-12-25T12:23:08 IST" duration-ms="214" status="PASS">
          <reporter-output>
          </reporter-output>
        </test-method> <!-- tearDown -->
      </class> <!-- testCases.TC004_AccountDDT004Test -->
    </test> <!-- Test -->
  </suite> <!-- Suite -->
</testng-results>
